<?xml version="1.0" encoding="UTF-8"?>
<!-- Generated by org.testng.reporters.JUnitXMLReporter -->
<testsuite hostname="DESKTOP-CFS1HL3" ignored="0" name="Test" tests="7" failures="0" timestamp="03 May 2020 18:37:37 GMT" time="45.414" errors="0">
  <testcase name="@BeforeClass setup" time="45.279" classname="Air_TestCases.Air_Firstpage_Test">
    <failure type="org.openqa.selenium.WebDriverException" message="chrome not reachable
  (Session info: chrome=78.0.3904.108)
Build info: version: &amp;apos;3.141.59&amp;apos;, revision: &amp;apos;e82be7d358&amp;apos;, time: &amp;apos;2018-11-14T08:17:03&amp;apos;
System info: host: &amp;apos;DESKTOP-CFS1HL3&amp;apos;, ip: &amp;apos;192.168.0.28&amp;apos;, os.name: &amp;apos;Windows 10&amp;apos;, os.arch: &amp;apos;x86&amp;apos;, os.version: &amp;apos;10.0&amp;apos;, java.version: &amp;apos;1.8.0_172&amp;apos;
Driver info: org.openqa.selenium.chrome.ChromeDriver
Capabilities {acceptInsecureCerts: false, browserName: chrome, browserVersion: 78.0.3904.108, chrome: {chromedriverVersion: 78.0.3904.105 (60e2d8774a81..., userDataDir: C:\Users\jithe\AppData\Loca...}, goog:chromeOptions: {debuggerAddress: localhost:56465}, javascriptEnabled: true, networkConnectionEnabled: false, pageLoadStrategy: normal, platform: XP, platformName: XP, proxy: Proxy(), setWindowRect: true, strictFileInteractability: false, timeouts: {implicit: 0, pageLoad: 300000, script: 30000}, unhandledPromptBehavior: dismiss and notify}
Session ID: 5f6e0c948a11b331020359d65bc44a92">
      <![CDATA[org.openqa.selenium.WebDriverException: chrome not reachable
  (Session info: chrome=78.0.3904.108)
Build info: version: '3.141.59', revision: 'e82be7d358', time: '2018-11-14T08:17:03'
System info: host: 'DESKTOP-CFS1HL3', ip: '192.168.0.28', os.name: 'Windows 10', os.arch: 'x86', os.version: '10.0', java.version: '1.8.0_172'
Driver info: org.openqa.selenium.chrome.ChromeDriver
Capabilities {acceptInsecureCerts: false, browserName: chrome, browserVersion: 78.0.3904.108, chrome: {chromedriverVersion: 78.0.3904.105 (60e2d8774a81..., userDataDir: C:\Users\jithe\AppData\Loca...}, goog:chromeOptions: {debuggerAddress: localhost:56465}, javascriptEnabled: true, networkConnectionEnabled: false, pageLoadStrategy: normal, platform: XP, platformName: XP, proxy: Proxy(), setWindowRect: true, strictFileInteractability: false, timeouts: {implicit: 0, pageLoad: 300000, script: 30000}, unhandledPromptBehavior: dismiss and notify}
Session ID: 5f6e0c948a11b331020359d65bc44a92
at org.openqa.selenium.remote.http.W3CHttpResponseCodec.createException(W3CHttpResponseCodec.java:187)
at org.openqa.selenium.remote.http.W3CHttpResponseCodec.decode(W3CHttpResponseCodec.java:122)
at org.openqa.selenium.remote.http.W3CHttpResponseCodec.decode(W3CHttpResponseCodec.java:49)
at org.openqa.selenium.remote.HttpCommandExecutor.execute(HttpCommandExecutor.java:158)
at org.openqa.selenium.remote.service.DriverCommandExecutor.execute(DriverCommandExecutor.java:83)
at org.openqa.selenium.remote.RemoteWebDriver.execute(RemoteWebDriver.java:552)
at org.openqa.selenium.remote.RemoteWebDriver.get(RemoteWebDriver.java:277)
at AIR_base.Air_baseclss.initialization(Air_baseclss.java:68)
at Air_TestCases.Air_Firstpage_Test.setup(Air_Firstpage_Test.java:33)
... Removed 34 stack frames]]>
    </failure>
  </testcase> <!-- @BeforeClass setup -->
  <testcase name="@AfterClass tear" time="0.0" classname="Air_TestCases.Air_Firstpage_Test">
    <skipped/>
  </testcase> <!-- @AfterClass tear -->
  <testcase name="enter" time="0.0" classname="Air_TestCases.Air_Firstpage_Test">
    <skipped/>
  </testcase> <!-- enter -->
  <testcase name="fromto" time="0.0" classname="Air_TestCases.Air_Firstpage_Test">
    <skipped/>
  </testcase> <!-- fromto -->
  <testcase name="tofrom" time="0.0" classname="Air_TestCases.Air_Firstpage_Test">
    <skipped/>
  </testcase> <!-- tofrom -->
  <testcase name="fromtodetails" time="0.0" classname="Air_TestCases.Air_Firstpage_Test">
    <skipped/>
  </testcase> <!-- fromtodetails -->
  <testcase name="sec" time="0.0" classname="Air_TestCases.Air_Firstpage_Test">
    <skipped/>
  </testcase> <!-- sec -->
  <testcase name="text" time="0.0" classname="Air_TestCases.Air_Firstpage_Test">
    <skipped/>
  </testcase> <!-- text -->
  <testcase name="main" time="0.0" classname="Air_TestCases.Air_Firstpage_Test">
    <skipped/>
  </testcase> <!-- main -->
</testsuite> <!-- Test -->
